<?xml version="1.0" encoding="UTF-8"?>
<!-- Generated by org.testng.reporters.JUnitReportReporter -->
<testsuite hostname="babu-PC" name="com.crm.SDETPractice.Demopractice" tests="1" failures="0" timestamp="9 Dec 2021 14:10:12 GMT" time="0.049" errors="0">
  <testcase name="demoProgram" time="0.049" classname="com.crm.SDETPractice.Demopractice"/>
</testsuite> <!-- com.crm.SDETPractice.Demopractice -->
